生成启动时间为 2018/4/20 19:42:14。
     1>项目“C:\Users\98076\Downloads\OpencvAndMfcForProVideo-master\PlayVideo\PlayVideo\PlayVideo.vcxproj”在节点 2 上(build 个目标)。
     1>InitializeBuildStatus:
         正在创建“Debug\PlayVideo.unsuccessfulbuild”，因为已指定“AlwaysCreate”。
       ClCompile:
         所有输出均为最新。
         C:\Program Files (x86)\Microsoft Visual Studio 10.0\VC\bin\CL.exe /c /ZI /nologo /W3 /WX- /Od /Oy- /D WIN32 /D _WINDOWS /D _DEBUG /D _MBCS /D _AFXDLL /Gm /EHsc /RTC1 /MD /GS /fp:precise /Zc:wchar_t /Zc:forScope /Yu"StdAfx.h" /Fp"Debug\PlayVideo.pch" /Fo"Debug\\" /Fd"Debug\vc100.pdb" /Gd /TP /analyze- /errorReport:prompt PlayVideo.cpp PlayVideoDlg.cpp
         PlayVideo.cpp
     1>d:\opencv\build\include\opencv2\flann\logger.h(66): warning C4996: 'fopen': This function or variable may be unsafe. Consider using fopen_s instead. To disable deprecation, use _CRT_SECURE_NO_WARNINGS. See online help for details.
                 c:\program files (x86)\microsoft visual studio 10.0\vc\include\stdio.h(234) : 参见“fopen”的声明
         正在生成代码...
         正在编译...
         PlayVideoDlg.cpp
     1>d:\opencv\build\include\opencv2\flann\logger.h(66): warning C4996: 'fopen': This function or variable may be unsafe. Consider using fopen_s instead. To disable deprecation, use _CRT_SECURE_NO_WARNINGS. See online help for details.
                 c:\program files (x86)\microsoft visual studio 10.0\vc\include\stdio.h(234) : 参见“fopen”的声明
         正在生成代码...
       ResourceCompile:
         C:\Program Files (x86)\Microsoft SDKs\Windows\v7.0A\bin\rc.exe /D _DEBUG /D _AFXDLL /l"0x0804" /IDebug\ /nologo /fo"Debug\PlayVideo.res" PlayVideo.rc 
       ManifestResourceCompile:
         所有输出均为最新。
       Link:
         C:\Program Files (x86)\Microsoft Visual Studio 10.0\VC\bin\link.exe /ERRORREPORT:PROMPT /OUT:"C:\Users\98076\Downloads\OpencvAndMfcForProVideo-master\PlayVideo\Debug\PlayVideo.exe" /INCREMENTAL /NOLOGO opencv_calib3d2410d.lib opencv_contrib2410d.lib opencv_core2410d.lib opencv_features2d2410d.lib opencv_flann2410d.lib opencv_gpu2410d.lib opencv_highgui2410d.lib opencv_imgproc2410d.lib opencv_legacy2410d.lib opencv_ml2410d.lib opencv_objdetect2410d.lib opencv_ts2410d.lib opencv_video2410d.lib /MANIFEST /ManifestFile:"Debug\PlayVideo.exe.intermediate.manifest" /MANIFESTUAC:"level='asInvoker' uiAccess='false'" /DEBUG /PDB:"C:\Users\98076\Downloads\OpencvAndMfcForProVideo-master\PlayVideo\Debug\PlayVideo.pdb" /SUBSYSTEM:WINDOWS /TLBID:1 /DYNAMICBASE /NXCOMPAT /IMPLIB:"C:\Users\98076\Downloads\OpencvAndMfcForProVideo-master\PlayVideo\Debug\PlayVideo.lib" /MACHINE:X86 Debug\PlayVideo.res
         Debug\PlayVideo.exe.embed.manifest.res
         Debug\CvvImage.obj
         Debug\PlayVideo.obj
         Debug\PlayVideoDlg.obj
         Debug\stdafx.obj
       Manifest:
         C:\Program Files (x86)\Microsoft SDKs\Windows\v7.0A\bin\mt.exe /nologo /verbose /out:"Debug\PlayVideo.exe.embed.manifest" /manifest Debug\PlayVideo.exe.intermediate.manifest "C:\Program Files (x86)\Microsoft Visual Studio 10.0\VC\Include\Manifest\dpiaware.manifest"
         所有输出均为最新。
       LinkEmbedManifest:
         所有输出均为最新。
         PlayVideo.vcxproj -> C:\Users\98076\Downloads\OpencvAndMfcForProVideo-master\PlayVideo\Debug\PlayVideo.exe
       FinalizeBuildStatus:
         正在删除文件“Debug\PlayVideo.unsuccessfulbuild”。
         正在对“Debug\PlayVideo.lastbuildstate”执行 Touch 任务。
     1>已完成生成项目“C:\Users\98076\Downloads\OpencvAndMfcForProVideo-master\PlayVideo\PlayVideo\PlayVideo.vcxproj”(build 个目标)的操作。

生成成功。

已用时间 00:00:07.63
